DEBUG:urllib3.connectionpool:Starting new HTTPS connection (1): huggingface.co:443
DEBUG:urllib3.connectionpool:https://huggingface.co:443 "HEAD /google/flan-t5-large/resolve/main/config.json HTTP/1.1" 200 0
DEBUG:urllib3.connectionpool:https://huggingface.co:443 "HEAD /google/flan-t5-large/resolve/main/generation_config.json HTTP/1.1" 200 0
DEBUG:urllib3.connectionpool:https://huggingface.co:443 "HEAD /google/flan-t5-large/resolve/main/tokenizer_config.json HTTP/1.1" 200 0
INFO:root:Text: I was loving using notion for the last 4 months But randomly got logged out and when k tried to log back in its acting as if Im a new user and everything Ive created has disappeared including important information I need to work I contacted support twice in the last week and no one has gotten back to me This isnt professionally handled
INFO:root:Summary: User has been loving using Notion for the last 4 months but has been logged out and lost all their created information, including important information needed for work. They have contacted support twice in the last week and have not received a response.
DEBUG:urllib3.connectionpool:Starting new HTTPS connection (1): huggingface.co:443
DEBUG:urllib3.connectionpool:https://huggingface.co:443 "HEAD /google/flan-t5-large/resolve/main/config.json HTTP/1.1" 200 0
DEBUG:filelock:Attempting to acquire lock 140334292626736 on /root/.cache/huggingface/hub/models--google--flan-t5-large/blobs/52d6c53a0bc88c7d1fe251e9643ce8aaf1c13e2e.lock
DEBUG:filelock:Lock 140334292626736 acquired on /root/.cache/huggingface/hub/models--google--flan-t5-large/blobs/52d6c53a0bc88c7d1fe251e9643ce8aaf1c13e2e.lock
DEBUG:urllib3.connectionpool:https://huggingface.co:443 "GET /google/flan-t5-large/resolve/main/config.json HTTP/1.1" 200 662
DEBUG:filelock:Attempting to release lock 140334292626736 on /root/.cache/huggingface/hub/models--google--flan-t5-large/blobs/52d6c53a0bc88c7d1fe251e9643ce8aaf1c13e2e.lock
DEBUG:filelock:Lock 140334292626736 released on /root/.cache/huggingface/hub/models--google--flan-t5-large/blobs/52d6c53a0bc88c7d1fe251e9643ce8aaf1c13e2e.lock
DEBUG:urllib3.connectionpool:https://huggingface.co:443 "HEAD /google/flan-t5-large/resolve/main/pytorch_model.bin HTTP/1.1" 302 0
DEBUG:filelock:Attempting to acquire lock 140334292422768 on /root/.cache/huggingface/hub/models--google--flan-t5-large/blobs/93249e5f2b058ccddd0f4f5ef82aad80e262133eb103f1b42dc2da4b9bc97b36.lock
DEBUG:filelock:Lock 140334292422768 acquired on /root/.cache/huggingface/hub/models--google--flan-t5-large/blobs/93249e5f2b058ccddd0f4f5ef82aad80e262133eb103f1b42dc2da4b9bc97b36.lock
DEBUG:urllib3.connectionpool:Starting new HTTPS connection (1): cdn-lfs.huggingface.co:443
DEBUG:urllib3.connectionpool:https://cdn-lfs.huggingface.co:443 "GET /repos/d7/b0/d7b0b5a69ec370dc086b3a7e292286fc72f607ac78f54e474a5ece7f42423dbf/93249e5f2b058ccddd0f4f5ef82aad80e262133eb103f1b42dc2da4b9bc97b36?response-content-disposition=attachment%3B+filename*%3DUTF-8%27%27pytorch_model.bin%3B+filename%3D%22pytorch_model.bin%22%3B&response-content-type=application%2Foctet-stream&Expires=1687879368&Policy=eyJTdGF0ZW1lbnQiOlt7IlJlc291cmNlIjoiaHR0cHM6Ly9jZG4tbGZzLmh1Z2dpbmdmYWNlLmNvL3JlcG9zL2Q3L2IwL2Q3YjBiNWE2OWVjMzcwZGMwODZiM2E3ZTI5MjI4NmZjNzJmNjA3YWM3OGY1NGU0NzRhNWVjZTdmNDI0MjNkYmYvOTMyNDllNWYyYjA1OGNjZGRkMGY0ZjVlZjgyYWFkODBlMjYyMTMzZWIxMDNmMWI0MmRjMmRhNGI5YmM5N2IzNj9yZXNwb25zZS1jb250ZW50LWRpc3Bvc2l0aW9uPSomcmVzcG9uc2UtY29udGVudC10eXBlPSoiLCJDb25kaXRpb24iOnsiRGF0ZUxlc3NUaGFuIjp7IkFXUzpFcG9jaFRpbWUiOjE2ODc4NzkzNjh9fX1dfQ__&Signature=A6MSESehQpwgBm2Wq22ieLhuIkcQZXBXl1FRborTvh40EEJFQGPiStyR9U7PucGQVwIk2gszqbIYPPAtEURdhDunZjr382i54HKfbvekDvjvdD1OeAyOnaz5bUvROXONEs1dcnSjGQa~vSWsgSLDAlaQiN17sOvETxOiZib6qa6FnamZWVLm3wTY7yATiyYta1YcdHFGItxfIlgd6b41lNHO0Ofkt~rRIkv1p~iQkwmWoqfV2F8z7ejullG0FEJdOCTlz6bcdFrcsUn6qjq7eSgoS41pHHUdMcDn-PI2X7ZSo4wQ4qmxBXHrVFML3CmOgCEEatliNjiZIKFm6Jdnww__&Key-Pair-Id=KVTP0A1DKRTAX HTTP/1.1" 200 3132781861
DEBUG:filelock:Attempting to release lock 140334292422768 on /root/.cache/huggingface/hub/models--google--flan-t5-large/blobs/93249e5f2b058ccddd0f4f5ef82aad80e262133eb103f1b42dc2da4b9bc97b36.lock
DEBUG:filelock:Lock 140334292422768 released on /root/.cache/huggingface/hub/models--google--flan-t5-large/blobs/93249e5f2b058ccddd0f4f5ef82aad80e262133eb103f1b42dc2da4b9bc97b36.lock
DEBUG:urllib3.connectionpool:Starting new HTTPS connection (1): huggingface.co:443
DEBUG:urllib3.connectionpool:https://huggingface.co:443 "HEAD /google/flan-t5-large/resolve/main/config.json HTTP/1.1" 200 0
DEBUG:urllib3.connectionpool:https://huggingface.co:443 "HEAD /google/flan-t5-large/resolve/main/generation_config.json HTTP/1.1" 200 0
DEBUG:urllib3.connectionpool:https://huggingface.co:443 "HEAD /google/flan-t5-large/resolve/main/tokenizer_config.json HTTP/1.1" 200 0
DEBUG:urllib3.connectionpool:https://huggingface.co:443 "HEAD /google/flan-t5-large/resolve/main/spiece.model HTTP/1.1" 302 0
DEBUG:filelock:Attempting to acquire lock 140603301391040 on /root/.cache/huggingface/hub/models--google--flan-t5-large/blobs/d60acb128cf7b7f2536e8f38a5b18a05535c9e14c7a355904270e15b0945ea86.lock
DEBUG:filelock:Lock 140603301391040 acquired on /root/.cache/huggingface/hub/models--google--flan-t5-large/blobs/d60acb128cf7b7f2536e8f38a5b18a05535c9e14c7a355904270e15b0945ea86.lock
DEBUG:urllib3.connectionpool:Starting new HTTPS connection (1): cdn-lfs.huggingface.co:443
DEBUG:urllib3.connectionpool:https://cdn-lfs.huggingface.co:443 "GET /repos/d7/b0/d7b0b5a69ec370dc086b3a7e292286fc72f607ac78f54e474a5ece7f42423dbf/d60acb128cf7b7f2536e8f38a5b18a05535c9e14c7a355904270e15b0945ea86?response-content-disposition=attachment%3B+filename*%3DUTF-8%27%27spiece.model%3B+filename%3D%22spiece.model%22%3B&Expires=1687880797&Policy=eyJTdGF0ZW1lbnQiOlt7IlJlc291cmNlIjoiaHR0cHM6Ly9jZG4tbGZzLmh1Z2dpbmdmYWNlLmNvL3JlcG9zL2Q3L2IwL2Q3YjBiNWE2OWVjMzcwZGMwODZiM2E3ZTI5MjI4NmZjNzJmNjA3YWM3OGY1NGU0NzRhNWVjZTdmNDI0MjNkYmYvZDYwYWNiMTI4Y2Y3YjdmMjUzNmU4ZjM4YTViMThhMDU1MzVjOWUxNGM3YTM1NTkwNDI3MGUxNWIwOTQ1ZWE4Nj9yZXNwb25zZS1jb250ZW50LWRpc3Bvc2l0aW9uPSoiLCJDb25kaXRpb24iOnsiRGF0ZUxlc3NUaGFuIjp7IkFXUzpFcG9jaFRpbWUiOjE2ODc4ODA3OTd9fX1dfQ__&Signature=eG-ndyc7lb1vH8gnmRCUYq2kKJR9lPdC2zCq7PRjRCh5e9~QZTFWzVvSw5BIWcboEfUuR46swBogqkiLlObPf~qwxwO2nkTKOVVbWNjVYwjUbBVdGSNrAc~myKAdLHDUXbuywDGIBUZqnHWiN46S~DQLdDWfPJGgGhVS-biXczwg-W8hzSXcDL~s6~MqD3O1AZRGk5KB34BFQrnkQHRa2VSnLbKIIO8u60rft0F9KOEmi-OVYJFMog9cQD2hDa1QqUTauXzd78b5xSaRhGCnIkvZiqu8k2sP7OoojJ3hXxEp7nb52856L6EFW6QiTP6sWiggoGz7L8kqE3ZUV0rLYg__&Key-Pair-Id=KVTP0A1DKRTAX HTTP/1.1" 200 791656
DEBUG:filelock:Attempting to release lock 140603301391040 on /root/.cache/huggingface/hub/models--google--flan-t5-large/blobs/d60acb128cf7b7f2536e8f38a5b18a05535c9e14c7a355904270e15b0945ea86.lock
DEBUG:filelock:Lock 140603301391040 released on /root/.cache/huggingface/hub/models--google--flan-t5-large/blobs/d60acb128cf7b7f2536e8f38a5b18a05535c9e14c7a355904270e15b0945ea86.lock
DEBUG:urllib3.connectionpool:https://huggingface.co:443 "HEAD /google/flan-t5-large/resolve/main/added_tokens.json HTTP/1.1" 404 0
INFO:root:Product Name: string
INFO:root:Record Type: string
INFO:root:Text: User: Notion is the best productivity app! I’m using it nearly a week and I’m flawless in my work! I use the To-Do feature a lot! I manage all my current projects with Notion! My life is so much easier and so much better! Thank you notion! God bless you! 🙏🙏🙏
INFO:root:Summary: User finds Notion to be the best productivity app, using it nearly a week and finding it flawless in their work. They use the ToDo feature and manage their current projects with Notion.
DEBUG:urllib3.connectionpool:Starting new HTTPS connection (1): huggingface.co:443
DEBUG:urllib3.connectionpool:https://huggingface.co:443 "HEAD /google/flan-t5-large/resolve/main/config.json HTTP/1.1" 200 0
DEBUG:urllib3.connectionpool:https://huggingface.co:443 "HEAD /google/flan-t5-large/resolve/main/generation_config.json HTTP/1.1" 200 0
DEBUG:urllib3.connectionpool:https://huggingface.co:443 "HEAD /google/flan-t5-large/resolve/main/tokenizer_config.json HTTP/1.1" 200 0
DEBUG:urllib3.connectionpool:https://huggingface.co:443 "HEAD /google/flan-t5-large/resolve/main/spiece.model HTTP/1.1" 302 0
DEBUG:filelock:Attempting to acquire lock 139798468275504 on /root/.cache/huggingface/hub/models--google--flan-t5-large/blobs/d60acb128cf7b7f2536e8f38a5b18a05535c9e14c7a355904270e15b0945ea86.lock
DEBUG:filelock:Lock 139798468275504 acquired on /root/.cache/huggingface/hub/models--google--flan-t5-large/blobs/d60acb128cf7b7f2536e8f38a5b18a05535c9e14c7a355904270e15b0945ea86.lock
DEBUG:urllib3.connectionpool:Starting new HTTPS connection (1): cdn-lfs.huggingface.co:443
DEBUG:urllib3.connectionpool:https://cdn-lfs.huggingface.co:443 "GET /repos/d7/b0/d7b0b5a69ec370dc086b3a7e292286fc72f607ac78f54e474a5ece7f42423dbf/d60acb128cf7b7f2536e8f38a5b18a05535c9e14c7a355904270e15b0945ea86?response-content-disposition=attachment%3B+filename*%3DUTF-8%27%27spiece.model%3B+filename%3D%22spiece.model%22%3B&Expires=1687946077&Policy=eyJTdGF0ZW1lbnQiOlt7IlJlc291cmNlIjoiaHR0cHM6Ly9jZG4tbGZzLmh1Z2dpbmdmYWNlLmNvL3JlcG9zL2Q3L2IwL2Q3YjBiNWE2OWVjMzcwZGMwODZiM2E3ZTI5MjI4NmZjNzJmNjA3YWM3OGY1NGU0NzRhNWVjZTdmNDI0MjNkYmYvZDYwYWNiMTI4Y2Y3YjdmMjUzNmU4ZjM4YTViMThhMDU1MzVjOWUxNGM3YTM1NTkwNDI3MGUxNWIwOTQ1ZWE4Nj9yZXNwb25zZS1jb250ZW50LWRpc3Bvc2l0aW9uPSoiLCJDb25kaXRpb24iOnsiRGF0ZUxlc3NUaGFuIjp7IkFXUzpFcG9jaFRpbWUiOjE2ODc5NDYwNzd9fX1dfQ__&Signature=okj9KwPX6KMFwADk1xNOsCa3CYNRiTFZrDipO-uU~yv-7JqcQ~qJdS-dhnNcTSLiwtsFg5RpVF3QkM1dhoN1aL2r-CSh4ojp1X-AIlE0X8VNMcO0LGVhRsRUJT6kaLA5RH2jyMPLIZLqAgsmAZX9I4AnPXIKFJ4M-ggLj637PXDZpFZmz~AMYjYsj8Ai74lOA2WsuiNLcDNNasLdz2EAgIV9Tnrlwi0bAVE2uKlAvwF0eGObG5-7AHoXOGxGy8dkgsVYAtUE0cRSeA8eS1Kxur7sO7WhyXcYS7ZMxL3PxOKKUNDCEpF65tdHPkA-iTSRVRwjLIajmnIuEjXpd5uOqw__&Key-Pair-Id=KVTP0A1DKRTAX HTTP/1.1" 200 791656
DEBUG:filelock:Attempting to release lock 139798468275504 on /root/.cache/huggingface/hub/models--google--flan-t5-large/blobs/d60acb128cf7b7f2536e8f38a5b18a05535c9e14c7a355904270e15b0945ea86.lock
DEBUG:filelock:Lock 139798468275504 released on /root/.cache/huggingface/hub/models--google--flan-t5-large/blobs/d60acb128cf7b7f2536e8f38a5b18a05535c9e14c7a355904270e15b0945ea86.lock
DEBUG:urllib3.connectionpool:https://huggingface.co:443 "HEAD /google/flan-t5-large/resolve/main/added_tokens.json HTTP/1.1" 404 0
DEBUG:urllib3.connectionpool:Starting new HTTPS connection (1): api.wandb.ai:443
DEBUG:urllib3.connectionpool:https://api.wandb.ai:443 "POST /graphql HTTP/1.1" 200 None
DEBUG:urllib3.connectionpool:https://api.wandb.ai:443 "POST /graphql HTTP/1.1" 200 None
DEBUG:urllib3.connectionpool:Starting new HTTPS connection (1): api.wandb.ai:443
DEBUG:urllib3.connectionpool:https://api.wandb.ai:443 "POST /graphql HTTP/1.1" 200 None
DEBUG:urllib3.connectionpool:Starting new HTTPS connection (1): api.wandb.ai:443
DEBUG:urllib3.connectionpool:https://api.wandb.ai:443 "POST /graphql HTTP/1.1" 200 None
DEBUG:urllib3.connectionpool:https://api.wandb.ai:443 "POST /graphql HTTP/1.1" 200 None
DEBUG:urllib3.connectionpool:https://api.wandb.ai:443 "POST /graphql HTTP/1.1" 200 None
DEBUG:urllib3.connectionpool:Starting new HTTPS connection (1): storage.googleapis.com:443
DEBUG:urllib3.connectionpool:https://storage.googleapis.com:443 "GET /wandb-production.appspot.com/vbagal/FeedbackSummarizer/cbte70qr/artifact/498295466/wandb_manifest.json?Expires=1687691490&GoogleAccessId=wandb-production%40appspot.gserviceaccount.com&Signature=Jv4sbZv8Eg1NykdQAaecP72LG3u0igkMWD3kRqfZ%2FtRha0yFXXnbRlN8anqqdKav58O4TEmgV9kaOFmCprTv%2FGQTIwysMIxQg9HwNHx3nMq8jnW0QlRh2SQ3C9f20ARBLiflXr57dnSMJMIeVtHXu%2FWj%2FuCdH9mi0jz8ZTuyOZ6XxAlV2JOHNZU6xszByN%2BsFhtvXDdBNULXI2Z4fGkgMM87K4H9ndVtpaWoX0%2BvamgrFRYlotqpZYplHefu4b4gtrmUNqy6%2FpkOITAhxU29yyKDzHfP6MAc2%2BWrg%2Br9gHzUrDNrdiVcwVq1zXR3d58Nincsi9c9wcW7TxTxY%2B3DJA%3D%3D HTTP/1.1" 200 514
DEBUG:urllib3.connectionpool:Starting new HTTPS connection (1): huggingface.co:443
DEBUG:urllib3.connectionpool:https://huggingface.co:443 "HEAD /google/flan-t5-large/resolve/main/config.json HTTP/1.1" 200 0
DEBUG:urllib3.connectionpool:https://huggingface.co:443 "HEAD /google/flan-t5-large/resolve/main/generation_config.json HTTP/1.1" 200 0
DEBUG:urllib3.connectionpool:https://huggingface.co:443 "HEAD /google/flan-t5-large/resolve/main/tokenizer_config.json HTTP/1.1" 200 0
DEBUG:urllib3.connectionpool:https://huggingface.co:443 "HEAD /google/flan-t5-large/resolve/main/spiece.model HTTP/1.1" 302 0
DEBUG:filelock:Attempting to acquire lock 140021266722672 on /root/.cache/huggingface/hub/models--google--flan-t5-large/blobs/d60acb128cf7b7f2536e8f38a5b18a05535c9e14c7a355904270e15b0945ea86.lock
DEBUG:filelock:Lock 140021266722672 acquired on /root/.cache/huggingface/hub/models--google--flan-t5-large/blobs/d60acb128cf7b7f2536e8f38a5b18a05535c9e14c7a355904270e15b0945ea86.lock
DEBUG:urllib3.connectionpool:Starting new HTTPS connection (1): cdn-lfs.huggingface.co:443
DEBUG:urllib3.connectionpool:https://cdn-lfs.huggingface.co:443 "GET /repos/d7/b0/d7b0b5a69ec370dc086b3a7e292286fc72f607ac78f54e474a5ece7f42423dbf/d60acb128cf7b7f2536e8f38a5b18a05535c9e14c7a355904270e15b0945ea86?response-content-disposition=attachment%3B+filename*%3DUTF-8%27%27spiece.model%3B+filename%3D%22spiece.model%22%3B&Expires=1687946168&Policy=eyJTdGF0ZW1lbnQiOlt7IlJlc291cmNlIjoiaHR0cHM6Ly9jZG4tbGZzLmh1Z2dpbmdmYWNlLmNvL3JlcG9zL2Q3L2IwL2Q3YjBiNWE2OWVjMzcwZGMwODZiM2E3ZTI5MjI4NmZjNzJmNjA3YWM3OGY1NGU0NzRhNWVjZTdmNDI0MjNkYmYvZDYwYWNiMTI4Y2Y3YjdmMjUzNmU4ZjM4YTViMThhMDU1MzVjOWUxNGM3YTM1NTkwNDI3MGUxNWIwOTQ1ZWE4Nj9yZXNwb25zZS1jb250ZW50LWRpc3Bvc2l0aW9uPSoiLCJDb25kaXRpb24iOnsiRGF0ZUxlc3NUaGFuIjp7IkFXUzpFcG9jaFRpbWUiOjE2ODc5NDYxNjh9fX1dfQ__&Signature=jSBbWgr7yEK1vS~z0iUboWa6FZt74Zod7H2Uy~aB-Rw3nW-E-y41tSkiIbXw5T0~kM9lso2xduz5VYn7MasTQreki8CJKBeduo-UEnFxNHeQFMF-ucuBh2HU1qi4ixSqPqQ15TzNPL0hcsZJbLf~CA4dCMpY3~o2wvAJkhsU6qs9wAnoeh7-5rblqfwCdSB2ywdgF5EgVqkVC37XprYF35ELhijUHAU4wOVRh8ARFMhWJxLQHD-QeDmKZNlGLd4RXUo560npB04wUYD59JagBt-zvMpBFOUr325gsgMG97QcU5OkurPe1eUgrSFEJyNQdGzGTSI6bhNl~cjQIMoYwA__&Key-Pair-Id=KVTP0A1DKRTAX HTTP/1.1" 200 791656
DEBUG:filelock:Attempting to release lock 140021266722672 on /root/.cache/huggingface/hub/models--google--flan-t5-large/blobs/d60acb128cf7b7f2536e8f38a5b18a05535c9e14c7a355904270e15b0945ea86.lock
DEBUG:filelock:Lock 140021266722672 released on /root/.cache/huggingface/hub/models--google--flan-t5-large/blobs/d60acb128cf7b7f2536e8f38a5b18a05535c9e14c7a355904270e15b0945ea86.lock
DEBUG:urllib3.connectionpool:https://huggingface.co:443 "HEAD /google/flan-t5-large/resolve/main/added_tokens.json HTTP/1.1" 404 0
DEBUG:urllib3.connectionpool:Starting new HTTPS connection (1): o151352.ingest.sentry.io:443
DEBUG:urllib3.connectionpool:Starting new HTTPS connection (1): api.wandb.ai:443
DEBUG:urllib3.connectionpool:https://api.wandb.ai:443 "POST /graphql HTTP/1.1" 200 None
DEBUG:urllib3.connectionpool:https://api.wandb.ai:443 "POST /graphql HTTP/1.1" 200 None
DEBUG:urllib3.connectionpool:Starting new HTTPS connection (1): api.wandb.ai:443
DEBUG:urllib3.connectionpool:https://api.wandb.ai:443 "POST /graphql HTTP/1.1" 200 None
DEBUG:urllib3.connectionpool:Starting new HTTPS connection (1): api.wandb.ai:443
DEBUG:urllib3.connectionpool:https://api.wandb.ai:443 "POST /graphql HTTP/1.1" 200 None
DEBUG:urllib3.connectionpool:https://api.wandb.ai:443 "POST /graphql HTTP/1.1" 200 None
DEBUG:urllib3.connectionpool:https://api.wandb.ai:443 "POST /graphql HTTP/1.1" 200 None
DEBUG:urllib3.connectionpool:Starting new HTTPS connection (1): storage.googleapis.com:443
DEBUG:urllib3.connectionpool:https://storage.googleapis.com:443 "GET /wandb-production.appspot.com/vbagal/FeedbackSummarizer/cbte70qr/artifact/498295466/wandb_manifest.json?Expires=1687691587&GoogleAccessId=wandb-production%40appspot.gserviceaccount.com&Signature=ZiT7ZnUsbuuo1oKNludeCOeGG8DyAB6qiHilL5nSyCpwpBWuXm6hjjLbhIOPe7kxtPcYjzuanjT%2F5O%2BFpYxsxt2PYxgTjf2l8ESXs7GiyFV1unknYdYmqaWzTLD6Ra8mcHKiLF0Z8bzhXx9l5JbV4cQlcc8767UKEy7EWExrNNudQ%2FyfJFXh9cgxCGCoD7CIvQraVa%2FYzx%2B7boS0mJL2PV4HkkiqcwiwAC3RxJYkQiNYJZSE0MdSExteFspxoCuCv3UvJqdnOloRgtFh5gxecVB5e3klHR6gvfVx5632%2BSSiNHS58qiYg5GMmXfNfHqbS33KcnuYlRbry4xErKa86w%3D%3D HTTP/1.1" 200 514
DEBUG:urllib3.connectionpool:Starting new HTTPS connection (1): api.wandb.ai:443
DEBUG:urllib3.connectionpool:Starting new HTTPS connection (2): api.wandb.ai:443
DEBUG:urllib3.connectionpool:https://api.wandb.ai:443 "GET /artifactsV2/default/vbagal/QXJ0aWZhY3Q6NDk4Mjk1NDY2/a01078f4e9708bf59e483be0eb9bc8dc HTTP/1.1" 307 None
DEBUG:urllib3.connectionpool:https://api.wandb.ai:443 "GET /artifactsV2/default/vbagal/QXJ0aWZhY3Q6NDk4Mjk1NDY2/936392e30c2d797b5940c00e824cb2bf HTTP/1.1" 307 None
DEBUG:urllib3.connectionpool:Starting new HTTPS connection (1): storage.googleapis.com:443
DEBUG:urllib3.connectionpool:Starting new HTTPS connection (2): storage.googleapis.com:443
DEBUG:urllib3.connectionpool:https://storage.googleapis.com:443 "GET /wandb-artifacts-prod/wandb_artifacts/78999617/498295466/936392e30c2d797b5940c00e824cb2bf?X-Goog-Algorithm=GOOG4-RSA-SHA256&X-Goog-Credential=gorilla-files-url-signer-man%40wandb-production.iam.gserviceaccount.com%2F20230625%2Fauto%2Fstorage%2Fgoog4_request&X-Goog-Date=20230625T101308Z&X-Goog-Expires=3599&X-Goog-Signature=a47f6e5980628959f2a4f86405d3b4904f8b89fdb00561792fd26eaa754f3f38163a512f42b084e4d357fbd564558b355811c2a706d7951de25a1853884498a96a73348bfb38c50393b53373714fe56d4bfb7e308713ae8f758942341c400a47f18c135ccb0c36554720c04aca1b3d5373cda3e1722132136423ecce332d10bd7130e8805ff0c167b8f98b4800f5f3fff02af2447b10fe3b616836f25ffdb343a076f28d80fec9cace83a510cb42e095a999a8e2d3df8e2320b314030c9380f7e5a7cafef02d3192ae60b74b477e9a6e3ccbcdf8ecc7ee89d3ef1c4a3e6a03e86b89f08eb9afef713687d850fbc1e445223e18cfa883dbfbfd3f3f66fc286951&X-Goog-SignedHeaders=host&response-content-disposition=attachment HTTP/1.1" 200 334
DEBUG:urllib3.connectionpool:https://storage.googleapis.com:443 "GET /wandb-artifacts-prod/wandb_artifacts/78999617/498295466/a01078f4e9708bf59e483be0eb9bc8dc?X-Goog-Algorithm=GOOG4-RSA-SHA256&X-Goog-Credential=gorilla-files-url-signer-man%40wandb-production.iam.gserviceaccount.com%2F20230625%2Fauto%2Fstorage%2Fgoog4_request&X-Goog-Date=20230625T101308Z&X-Goog-Expires=3599&X-Goog-Signature=7dd6d68cf1b015bc0e053c61c484aee0f84631fbc585215e216d91986a65acffa921bb786ceee040cc8c1fa160721a86ab614ad35af1399c355947e5650aa60226d3bb4f08daf5fa69b1c6092fe50fafb32d58e724b1752404f7d01c61e2f5fd6e02dafd3e827faddf20ea5c3db33db3a1c6834918afb0811d91a35a87d5196bc3ae742485906703568a3d0b0b583757a58401342d8f3d25bda0ea55a2c81c3758446d869f1adee9b1d52cdfff6262a9a9e1f3a8daaafd6ff34a8b0384dbe36597b0b25d67dd6d56876a4ad751ec9eeeaa9f6def92d051d64cc0045705372dcff375fb92759584ac8b536a0db35d0652f71d345f977d51a52d225b07c43842b1&X-Goog-SignedHeaders=host&response-content-disposition=attachment HTTP/1.1" 200 9543245
DEBUG:urllib3.connectionpool:Starting new HTTPS connection (1): huggingface.co:443
DEBUG:urllib3.connectionpool:https://huggingface.co:443 "HEAD /google/flan-t5-large/resolve/main/config.json HTTP/1.1" 200 0
DEBUG:urllib3.connectionpool:https://huggingface.co:443 "HEAD /google/flan-t5-large/resolve/main/generation_config.json HTTP/1.1" 200 0
DEBUG:urllib3.connectionpool:https://huggingface.co:443 "HEAD /google/flan-t5-large/resolve/main/tokenizer_config.json HTTP/1.1" 200 0
DEBUG:urllib3.connectionpool:https://huggingface.co:443 "HEAD /google/flan-t5-large/resolve/main/spiece.model HTTP/1.1" 302 0
DEBUG:filelock:Attempting to acquire lock 139768221712192 on /root/.cache/huggingface/hub/models--google--flan-t5-large/blobs/d60acb128cf7b7f2536e8f38a5b18a05535c9e14c7a355904270e15b0945ea86.lock
DEBUG:filelock:Lock 139768221712192 acquired on /root/.cache/huggingface/hub/models--google--flan-t5-large/blobs/d60acb128cf7b7f2536e8f38a5b18a05535c9e14c7a355904270e15b0945ea86.lock
DEBUG:urllib3.connectionpool:Starting new HTTPS connection (1): cdn-lfs.huggingface.co:443
DEBUG:urllib3.connectionpool:https://cdn-lfs.huggingface.co:443 "GET /repos/d7/b0/d7b0b5a69ec370dc086b3a7e292286fc72f607ac78f54e474a5ece7f42423dbf/d60acb128cf7b7f2536e8f38a5b18a05535c9e14c7a355904270e15b0945ea86?response-content-disposition=attachment%3B+filename*%3DUTF-8%27%27spiece.model%3B+filename%3D%22spiece.model%22%3B&Expires=1687936523&Policy=eyJTdGF0ZW1lbnQiOlt7IlJlc291cmNlIjoiaHR0cHM6Ly9jZG4tbGZzLmh1Z2dpbmdmYWNlLmNvL3JlcG9zL2Q3L2IwL2Q3YjBiNWE2OWVjMzcwZGMwODZiM2E3ZTI5MjI4NmZjNzJmNjA3YWM3OGY1NGU0NzRhNWVjZTdmNDI0MjNkYmYvZDYwYWNiMTI4Y2Y3YjdmMjUzNmU4ZjM4YTViMThhMDU1MzVjOWUxNGM3YTM1NTkwNDI3MGUxNWIwOTQ1ZWE4Nj9yZXNwb25zZS1jb250ZW50LWRpc3Bvc2l0aW9uPSoiLCJDb25kaXRpb24iOnsiRGF0ZUxlc3NUaGFuIjp7IkFXUzpFcG9jaFRpbWUiOjE2ODc5MzY1MjN9fX1dfQ__&Signature=weCOA6Xs6luuTU1LyGK-6S1nOjmSodpZIifFPc2BxI3DboS62uCe9GpGhjRVsmm3KwW5-UMulNKXnZt6BWDwyCcYmcFDHv8jRYfvNEtK9M~lD1aSQ~tjigqLMdBD-ufqtlDtCEB1rHG2sy2JOztodTtZ208y1sC~l90RtnjBwVrXI00XBT2Z1dfrXds7kHBwduGHlJrXQAGFLlhFEY8IqKyB2xqexVwXCS7DnfdqjQCKKm7x5RSW8RCkDqLgQLKkjoqV-19vRPyUEuGbihmdg8iTG0HNDKmP-fjjor1Db2nqZHHTzPc-NQ5T9hmDNXAzJoJjzPUYdMVJk6uFc2AS3g__&Key-Pair-Id=KVTP0A1DKRTAX HTTP/1.1" 200 791656
DEBUG:filelock:Attempting to release lock 139768221712192 on /root/.cache/huggingface/hub/models--google--flan-t5-large/blobs/d60acb128cf7b7f2536e8f38a5b18a05535c9e14c7a355904270e15b0945ea86.lock
DEBUG:filelock:Lock 139768221712192 released on /root/.cache/huggingface/hub/models--google--flan-t5-large/blobs/d60acb128cf7b7f2536e8f38a5b18a05535c9e14c7a355904270e15b0945ea86.lock
DEBUG:urllib3.connectionpool:https://huggingface.co:443 "HEAD /google/flan-t5-large/resolve/main/added_tokens.json HTTP/1.1" 404 0
INFO:root:Product Name: string
INFO:root:Record Type: string
INFO:root:Text: User: I've only recently been using Notion and I'm really impressed, but the iPad version is bugged. For example, I can't color text and more. It's a shame, it even works on the mobile phone! I would rather use the app with a mobile revision.
INFO:root:Summary: User is impressed with Notion but is disappointed with the iPad version, as it doesn't work on mobile phones and is a shame it doesn't work on mobile phones. They would rather use the app with a mobile revision.
INFO:root:Product Name: string
INFO:root:Record Type: string
INFO:root:Text: User: The app itself is so amazing that I'm always thankful to use it very well. However, for users who work on documents and general tasks, poor Bluetooth keyboard connectivity is too fatal. Even if I try to type text from the iPad to the Bluetooth keyboard, the cursor disappears and I can't write at all. So in the end, I have to use a separate laptop, which is such a fatal flaw that makes my personal reason for buying an iPad and starting to use Notion come to nothing. Please improve the Bluetooth keyboard connectivity. By the way, I mainly use Cyclone's K3 model. If only keyboard connectivity were improved, it could be recognized as the best app that could not be expressed even with five stars. The fact that I can't use an external keyboard is so decisive for me.
INFO:root:Summary: User is thankful for the app but finds the Bluetooth keyboard connectivity to be fatal for users who work on documents and general tasks. They have to use a separate laptop for this reason, making their personal reason for buying an iPad and starting to use Notion come to nothing.
DEBUG:urllib3.connectionpool:Starting new HTTPS connection (1): o151352.ingest.sentry.io:443
DEBUG:urllib3.connectionpool:Starting new HTTPS connection (1): api.wandb.ai:443
DEBUG:urllib3.connectionpool:https://api.wandb.ai:443 "POST /graphql HTTP/1.1" 200 None
DEBUG:urllib3.connectionpool:https://api.wandb.ai:443 "POST /graphql HTTP/1.1" 200 None
DEBUG:urllib3.connectionpool:Starting new HTTPS connection (1): api.wandb.ai:443
DEBUG:urllib3.connectionpool:https://api.wandb.ai:443 "POST /graphql HTTP/1.1" 200 None
DEBUG:urllib3.connectionpool:Starting new HTTPS connection (1): api.wandb.ai:443
DEBUG:urllib3.connectionpool:https://api.wandb.ai:443 "POST /graphql HTTP/1.1" 200 None
DEBUG:urllib3.connectionpool:https://api.wandb.ai:443 "POST /graphql HTTP/1.1" 200 None
DEBUG:urllib3.connectionpool:https://api.wandb.ai:443 "POST /graphql HTTP/1.1" 200 None
DEBUG:urllib3.connectionpool:Starting new HTTPS connection (1): storage.googleapis.com:443
DEBUG:urllib3.connectionpool:https://storage.googleapis.com:443 "GET /wandb-production.appspot.com/vbagal/FeedbackSummarizer/cbte70qr/artifact/498295466/wandb_manifest.json?Expires=1687692661&GoogleAccessId=wandb-production%40appspot.gserviceaccount.com&Signature=JjIC245bwldcis8N3NCBpzVL2CL5Fv7bj7%2FU540kdD%2FbrChuswC3%2BlO0PXTT3JVrvVYkp2nRGd%2BnvrzoC6YL%2FD1MV8cCsi5OFxLfFapU143knvEmLLxqAUCRn%2BOldDfnNbMRDQVzDpFC49xq81eHJFA4%2BywfuIbW5Z278RYenBNoqvr1twAXMTkbIcEc%2Bm3OSW%2Bzz52TAMP454R8we1gK9iDK%2BpNHbY%2B4KaV8upzNtlGb7ePB4q%2FywHKZZIsFVnxZdfbenvA5FsfpBWqNPzRingDza5hLoJ4iERQIfiDSeDAqtd8IYbKT5MJLBHEg%2B%2BJV9jWXo6p47I4SOAW5WowrQ%3D%3D HTTP/1.1" 200 514
DEBUG:urllib3.connectionpool:Starting new HTTPS connection (1): api.wandb.ai:443
DEBUG:urllib3.connectionpool:Starting new HTTPS connection (2): api.wandb.ai:443
DEBUG:urllib3.connectionpool:https://api.wandb.ai:443 "GET /artifactsV2/default/vbagal/QXJ0aWZhY3Q6NDk4Mjk1NDY2/936392e30c2d797b5940c00e824cb2bf HTTP/1.1" 307 None
DEBUG:urllib3.connectionpool:Starting new HTTPS connection (1): storage.googleapis.com:443
DEBUG:urllib3.connectionpool:https://api.wandb.ai:443 "GET /artifactsV2/default/vbagal/QXJ0aWZhY3Q6NDk4Mjk1NDY2/a01078f4e9708bf59e483be0eb9bc8dc HTTP/1.1" 307 None
DEBUG:urllib3.connectionpool:Starting new HTTPS connection (2): storage.googleapis.com:443
DEBUG:urllib3.connectionpool:https://storage.googleapis.com:443 "GET /wandb-artifacts-prod/wandb_artifacts/78999617/498295466/a01078f4e9708bf59e483be0eb9bc8dc?X-Goog-Algorithm=GOOG4-RSA-SHA256&X-Goog-Credential=gorilla-files-url-signer-man%40wandb-production.iam.gserviceaccount.com%2F20230625%2Fauto%2Fstorage%2Fgoog4_request&X-Goog-Date=20230625T103102Z&X-Goog-Expires=3599&X-Goog-Signature=b99d05b99807d165624ed3dd4de6036829edcb0bb6ab115c59722848196bee3306b2697aeaafa8ce5f960094960e119c994d01d8f8ab1331d6f746bbdb335fecbcf69f68e38033f0df4c0b7e8f6a198b630156c43b8ae7164ed3466826d49880c0e4893f88c627dcbf1056f7142162e405efc7dfd4553740629be8b481975f598737c8dafa53e35118ae906dba44c77e1fc0b0eb561090f64b13b49b8d7b9d439ee478d7fafab1fdf7c2498513672f7855acb67973f3a78735ee4dfbf2016061df72735c2cedb47d9f96b253eb23c08cd2b9cdc2a0e55f31972e2bdeadcce3e8e460b0de8d7b78e5b11ba7a2791b6954db10b1b64479f5f95ce4e025ef0575cf&X-Goog-SignedHeaders=host&response-content-disposition=attachment HTTP/1.1" 200 9543245
DEBUG:urllib3.connectionpool:https://storage.googleapis.com:443 "GET /wandb-artifacts-prod/wandb_artifacts/78999617/498295466/936392e30c2d797b5940c00e824cb2bf?X-Goog-Algorithm=GOOG4-RSA-SHA256&X-Goog-Credential=gorilla-files-url-signer-man%40wandb-production.iam.gserviceaccount.com%2F20230625%2Fauto%2Fstorage%2Fgoog4_request&X-Goog-Date=20230625T103102Z&X-Goog-Expires=3599&X-Goog-Signature=07bfbb7026311985e8334a15664e433ce079b0426134c80e30b1ec09af4fdb37c41f96d5a7936c26321e107e46beae4c15b846a5c6e591fbd855c22b3431059e2a0f4f7e0a82ba4d4187d2086f56354a96edc6957b5d82c92b7cf960ac73193f4d58c39858cde79e8e47289ac67932ff8add7ee805c46af936423509117909c47cb59838f54fcefde11e5ad941588b3053c08a7e017a861f9019c26ad17cc892885fe3e0dbfa521825cac7bb890f0193fb4d93747ab26907a0e316f89ee8de8ee534c0bc068a002fc3b97c994ee1e7c5e8740451a9ab599fb68fa586e30aa77108b806f11ee2ea70f8e930d1e343d70e4510ac486d0fa905327d9e942fde1601&X-Goog-SignedHeaders=host&response-content-disposition=attachment HTTP/1.1" 200 334
DEBUG:urllib3.connectionpool:Starting new HTTPS connection (1): huggingface.co:443
DEBUG:urllib3.connectionpool:https://huggingface.co:443 "HEAD /google/flan-t5-large/resolve/main/config.json HTTP/1.1" 200 0
DEBUG:urllib3.connectionpool:https://huggingface.co:443 "HEAD /google/flan-t5-large/resolve/main/generation_config.json HTTP/1.1" 200 0
DEBUG:urllib3.connectionpool:https://huggingface.co:443 "HEAD /google/flan-t5-large/resolve/main/tokenizer_config.json HTTP/1.1" 200 0
DEBUG:urllib3.connectionpool:https://huggingface.co:443 "HEAD /google/flan-t5-large/resolve/main/spiece.model HTTP/1.1" 302 0
DEBUG:filelock:Attempting to acquire lock 140448802463168 on /root/.cache/huggingface/hub/models--google--flan-t5-large/blobs/d60acb128cf7b7f2536e8f38a5b18a05535c9e14c7a355904270e15b0945ea86.lock
DEBUG:filelock:Lock 140448802463168 acquired on /root/.cache/huggingface/hub/models--google--flan-t5-large/blobs/d60acb128cf7b7f2536e8f38a5b18a05535c9e14c7a355904270e15b0945ea86.lock
DEBUG:urllib3.connectionpool:Starting new HTTPS connection (1): cdn-lfs.huggingface.co:443
DEBUG:urllib3.connectionpool:https://cdn-lfs.huggingface.co:443 "GET /repos/d7/b0/d7b0b5a69ec370dc086b3a7e292286fc72f607ac78f54e474a5ece7f42423dbf/d60acb128cf7b7f2536e8f38a5b18a05535c9e14c7a355904270e15b0945ea86?response-content-disposition=attachment%3B+filename*%3DUTF-8%27%27spiece.model%3B+filename%3D%22spiece.model%22%3B&Expires=1687938000&Policy=eyJTdGF0ZW1lbnQiOlt7IlJlc291cmNlIjoiaHR0cHM6Ly9jZG4tbGZzLmh1Z2dpbmdmYWNlLmNvL3JlcG9zL2Q3L2IwL2Q3YjBiNWE2OWVjMzcwZGMwODZiM2E3ZTI5MjI4NmZjNzJmNjA3YWM3OGY1NGU0NzRhNWVjZTdmNDI0MjNkYmYvZDYwYWNiMTI4Y2Y3YjdmMjUzNmU4ZjM4YTViMThhMDU1MzVjOWUxNGM3YTM1NTkwNDI3MGUxNWIwOTQ1ZWE4Nj9yZXNwb25zZS1jb250ZW50LWRpc3Bvc2l0aW9uPSoiLCJDb25kaXRpb24iOnsiRGF0ZUxlc3NUaGFuIjp7IkFXUzpFcG9jaFRpbWUiOjE2ODc5MzgwMDB9fX1dfQ__&Signature=X7jlRGEu~0bN9lvdHyFpk70Xi1UnTt-omDTns4j55PSxYtQrszQg~-wxD-bIbL9sKgtJVsVKhGBJeOj2hDp-yuD-TRCxj63SgrXpCJI9Okq94L0a18ZjHaTJJESGmuPlP5Gwk3RUwlU4PPH5ku1QcQEsgJ-lNPQIalu2jTiB9d7wvLDz1irBH1jcr1~-oKgKfF-3Ubd3FQlfeHujtsnvypla51gmWvQjtUwuZ5KnSB0CVQRiwK9DxjREqIvkO4ZUXYxavOa-VYVo4rK9oC0Iya684gNHaTlUqkGrhZJ6Eg9RpfgbFGk0lsn2jqmB5z8G2sy6n3p-MxVbfHcytMfPqw__&Key-Pair-Id=KVTP0A1DKRTAX HTTP/1.1" 200 791656
DEBUG:filelock:Attempting to release lock 140448802463168 on /root/.cache/huggingface/hub/models--google--flan-t5-large/blobs/d60acb128cf7b7f2536e8f38a5b18a05535c9e14c7a355904270e15b0945ea86.lock
DEBUG:filelock:Lock 140448802463168 released on /root/.cache/huggingface/hub/models--google--flan-t5-large/blobs/d60acb128cf7b7f2536e8f38a5b18a05535c9e14c7a355904270e15b0945ea86.lock
DEBUG:urllib3.connectionpool:https://huggingface.co:443 "HEAD /google/flan-t5-large/resolve/main/added_tokens.json HTTP/1.1" 404 0
INFO:root:Product Name: string
INFO:root:Record Type: string
INFO:root:Text: User: The app itself is so amazing that I'm always thankful to use it very well. However, for users who work on documents and general tasks, poor Bluetooth keyboard connectivity is too fatal. Even if I try to type text from the iPad to the Bluetooth keyboard, the cursor disappears and I can't write at all. So in the end, I have to use a separate laptop, which is such a fatal flaw that makes my personal reason for buying an iPad and starting to use Notion come to nothing. Please improve the Bluetooth keyboard connectivity. By the way, I mainly use Cyclone's K3 model. If only keyboard connectivity were improved, it could be recognized as the best app that could not be expressed even with five stars. The fact that I can't use an external keyboard is so decisive for me.
INFO:root:Summary: User is thankful for the app but finds the Bluetooth keyboard connectivity to be fatal for users who work on documents and general tasks. They have to use a separate laptop for this reason, making their personal reason for buying an iPad and starting to use Notion come to nothing.
DEBUG:urllib3.connectionpool:Starting new HTTPS connection (1): o151352.ingest.sentry.io:443
